This is pdfTeX, Version 3.1415926-2.5-1.40.14 (TeX Live 2013) (format=pdflatex 2013.9.25)  21 NOV 2013 10:48
entering extended mode
 restricted \write18 enabled.
 %&-line parsing enabled.
**eselaw2014.tex -recorder
(./eselaw2014.tex
LaTeX2e <2011/06/27>
Babel <3.9f> and hyphenation patterns for 78 languages loaded.
(./llncs.cls
Document Class: llncs 2013/09/27 v2.18 
 LaTeX document class for Lecture Notes in Computer Science
(/usr/local/texlive/2013/texmf-dist/tex/latex/base/article.cls
Document Class: article 2007/10/19 v1.4h Standard LaTeX document class
(/usr/local/texlive/2013/texmf-dist/tex/latex/base/size10.clo
File: size10.clo 2007/10/19 v1.4h Standard LaTeX file (size option)
)
\c@part=\count79
\c@section=\count80
\c@subsection=\count81
\c@subsubsection=\count82
\c@paragraph=\count83
\c@subparagraph=\count84
\c@figure=\count85
\c@table=\count86
\abovecaptionskip=\skip41
\belowcaptionskip=\skip42
\bibindent=\dimen102
)
(/usr/local/texlive/2013/texmf-dist/tex/latex/tools/multicol.sty
Package: multicol 2011/06/27 v1.7a multicolumn formatting (FMi)
\c@tracingmulticols=\count87
\mult@box=\box26
\multicol@leftmargin=\dimen103
\c@unbalance=\count88
\c@collectmore=\count89
\doublecol@number=\count90
\multicoltolerance=\count91
\multicolpretolerance=\count92
\full@width=\dimen104
\page@free=\dimen105
\premulticols=\dimen106
\postmulticols=\dimen107
\multicolsep=\skip43
\multicolbaselineskip=\skip44
\partial@page=\box27
\last@line=\box28
\mult@rightbox=\box29
\mult@grightbox=\box30
\mult@gfirstbox=\box31
\mult@firstbox=\box32
\@tempa=\box33
\@tempa=\box34
\@tempa=\box35
\@tempa=\box36
\@tempa=\box37
\@tempa=\box38
\@tempa=\box39
\@tempa=\box40
\@tempa=\box41
\@tempa=\box42
\@tempa=\box43
\@tempa=\box44
\@tempa=\box45
\@tempa=\box46
\@tempa=\box47
\@tempa=\box48
\@tempa=\box49
\c@columnbadness=\count93
\c@finalcolumnbadness=\count94
\last@try=\dimen108
\multicolovershoot=\dimen109
\multicolundershoot=\dimen110
\mult@nat@firstbox=\box50
\colbreak@box=\box51
\multicol@sort@counter=\count95
)
(./aliascnt.sty
Package: aliascnt 2009/09/08 v1.3 Alias counter (HO)
 (./remreset.sty))
\c@chapter=\count96
LaTeX Font Info:    Redeclaring math symbol \Gamma on input line 362.
LaTeX Font Info:    Redeclaring math symbol \Delta on input line 363.
LaTeX Font Info:    Redeclaring math symbol \Theta on input line 364.
LaTeX Font Info:    Redeclaring math symbol \Lambda on input line 365.
LaTeX Font Info:    Redeclaring math symbol \Xi on input line 366.
LaTeX Font Info:    Redeclaring math symbol \Pi on input line 367.
LaTeX Font Info:    Redeclaring math symbol \Sigma on input line 368.
LaTeX Font Info:    Redeclaring math symbol \Upsilon on input line 369.
LaTeX Font Info:    Redeclaring math symbol \Phi on input line 370.
LaTeX Font Info:    Redeclaring math symbol \Psi on input line 371.
LaTeX Font Info:    Redeclaring math symbol \Omega on input line 372.
\tocchpnum=\dimen111
\tocsecnum=\dimen112
\tocsectotal=\dimen113
\tocsubsecnum=\dimen114
\tocsubsectotal=\dimen115
\tocsubsubsecnum=\dimen116
\tocsubsubsectotal=\dimen117
\tocparanum=\dimen118
\tocparatotal=\dimen119
\tocsubparanum=\dimen120
\@tempcntc=\count97
\fnindent=\dimen121
\c@@inst=\count98
\c@@auth=\count99
\c@auco=\count100
\instindent=\dimen122
\authrun=\box52
\authorrunning=\toks14
\tocauthor=\toks15
\titrun=\box53
\titlerunning=\toks16
\toctitle=\toks17
\c@theorem=\count101
\c@case=\count102
\c@conjecture=\count103
\c@corollary=\count104
\c@definition=\count105
\c@example=\count106
\c@exercise=\count107
\c@lemma=\count108
\c@note=\count109
\c@problem=\count110
\c@property=\count111
\c@proposition=\count112
\c@question=\count113
\c@solution=\count114
\c@remark=\count115
\headlineindent=\dimen123
)
(/usr/local/texlive/2013/texmf-dist/tex/latex/graphics/graphicx.sty
Package: graphicx 1999/02/16 v1.0f Enhanced LaTeX Graphics (DPC,SPQR)

(/usr/local/texlive/2013/texmf-dist/tex/latex/graphics/keyval.sty
Package: keyval 1999/03/16 v1.13 key=value parser (DPC)
\KV@toks@=\toks18
)
(/usr/local/texlive/2013/texmf-dist/tex/latex/graphics/graphics.sty
Package: graphics 2009/02/05 v1.0o Standard LaTeX Graphics (DPC,SPQR)

(/usr/local/texlive/2013/texmf-dist/tex/latex/graphics/trig.sty
Package: trig 1999/03/16 v1.09 sin cos tan (DPC)
)
(/usr/local/texlive/2013/texmf-dist/tex/latex/latexconfig/graphics.cfg
File: graphics.cfg 2010/04/23 v1.9 graphics configuration of TeX Live
)
Package graphics Info: Driver file: pdftex.def on input line 91.

(/usr/local/texlive/2013/texmf-dist/tex/latex/pdftex-def/pdftex.def
File: pdftex.def 2011/05/27 v0.06d Graphics/color for pdfTeX

(/usr/local/texlive/2013/texmf-dist/tex/generic/oberdiek/infwarerr.sty
Package: infwarerr 2010/04/08 v1.3 Providing info/warning/error messages (HO)
)
(/usr/local/texlive/2013/texmf-dist/tex/generic/oberdiek/ltxcmds.sty
Package: ltxcmds 2011/11/09 v1.22 LaTeX kernel commands for general use (HO)
)
\Gread@gobject=\count116
))
\Gin@req@height=\dimen124
\Gin@req@width=\dimen125
)
(/usr/local/texlive/2013/texmf-dist/tex/latex/tools/tabularx.sty
Package: tabularx 1999/01/07 v2.07 `tabularx' package (DPC)

(/usr/local/texlive/2013/texmf-dist/tex/latex/tools/array.sty
Package: array 2008/09/09 v2.4c Tabular extension package (FMi)
\col@sep=\dimen126
\extrarowheight=\dimen127
\NC@list=\toks19
\extratabsurround=\skip45
\backup@length=\skip46
)
\TX@col@width=\dimen128
\TX@old@table=\dimen129
\TX@old@col=\dimen130
\TX@target=\dimen131
\TX@delta=\dimen132
\TX@cols=\count117
\TX@ftn=\toks20
)
(/usr/local/texlive/2013/texmf-dist/tex/latex/multirow/multirow.sty
\bigstrutjot=\dimen133
)
(/usr/local/texlive/2013/texmf-dist/tex/latex/xcolor/xcolor.sty
Package: xcolor 2007/01/21 v2.11 LaTeX color extensions (UK)

(/usr/local/texlive/2013/texmf-dist/tex/latex/latexconfig/color.cfg
File: color.cfg 2007/01/18 v1.5 color configuration of teTeX/TeXLive
)
Package xcolor Info: Driver file: pdftex.def on input line 225.

(/usr/local/texlive/2013/texmf-dist/tex/latex/colortbl/colortbl.sty
Package: colortbl 2012/02/13 v1.0a Color table columns (DPC)
\everycr=\toks21
\minrowclearance=\skip47
)
\rownum=\count118
Package xcolor Info: Model `cmy' substituted by `cmy0' on input line 1337.
Package xcolor Info: Model `hsb' substituted by `rgb' on input line 1341.
Package xcolor Info: Model `RGB' extended on input line 1353.
Package xcolor Info: Model `HTML' substituted by `rgb' on input line 1355.
Package xcolor Info: Model `Hsb' substituted by `hsb' on input line 1356.
Package xcolor Info: Model `tHsb' substituted by `hsb' on input line 1357.
Package xcolor Info: Model `HSB' substituted by `hsb' on input line 1358.
Package xcolor Info: Model `Gray' substituted by `gray' on input line 1359.
Package xcolor Info: Model `wave' substituted by `hsb' on input line 1360.
)
(/usr/local/texlive/2013/texmf-dist/tex/latex/rotating/rotating.sty
Package: rotating 2009/03/28 v2.16a rotated objects in LaTeX

(/usr/local/texlive/2013/texmf-dist/tex/latex/base/ifthen.sty
Package: ifthen 2001/05/26 v1.1c Standard LaTeX ifthen package (DPC)
)
\c@r@tfl@t=\count119
\rotFPtop=\skip48
\rotFPbot=\skip49
\rot@float@box=\box54
\rot@mess@toks=\toks22
)
(./eselaw2014.aux

LaTeX Warning: Label `foo' multiply defined.

)
\openout1 = `eselaw2014.aux'.

LaTeX Font Info:    Checking defaults for OML/cmm/m/it on input line 9.
LaTeX Font Info:    ... okay on input line 9.
LaTeX Font Info:    Checking defaults for T1/cmr/m/n on input line 9.
LaTeX Font Info:    ... okay on input line 9.
LaTeX Font Info:    Checking defaults for OT1/cmr/m/n on input line 9.
LaTeX Font Info:    ... okay on input line 9.
LaTeX Font Info:    Checking defaults for OMS/cmsy/m/n on input line 9.
LaTeX Font Info:    ... okay on input line 9.
LaTeX Font Info:    Checking defaults for OMX/cmex/m/n on input line 9.
LaTeX Font Info:    ... okay on input line 9.
LaTeX Font Info:    Checking defaults for U/cmr/m/n on input line 9.
LaTeX Font Info:    ... okay on input line 9.
 (/usr/local/texlive/2013/texmf-dist/tex/context/base/supp-pdf.mkii
[Loading MPS to PDF converter (version 2006.09.02).]
\scratchcounter=\count120
\scratchdimen=\dimen134
\scratchbox=\box55
\nofMPsegments=\count121
\nofMParguments=\count122
\everyMPshowfont=\toks23
\MPscratchCnt=\count123
\MPscratchDim=\dimen135
\MPnumerator=\count124
\makeMPintoPDFobject=\count125
\everyMPtoPDFconversion=\toks24
) (/usr/local/texlive/2013/texmf-dist/tex/generic/oberdiek/pdftexcmds.sty
Package: pdftexcmds 2011/11/29 v0.20 Utility functions of pdfTeX for LuaTeX (HO
)

(/usr/local/texlive/2013/texmf-dist/tex/generic/oberdiek/ifluatex.sty
Package: ifluatex 2010/03/01 v1.3 Provides the ifluatex switch (HO)
Package ifluatex Info: LuaTeX not detected.
)
(/usr/local/texlive/2013/texmf-dist/tex/generic/oberdiek/ifpdf.sty
Package: ifpdf 2011/01/30 v2.3 Provides the ifpdf switch (HO)
Package ifpdf Info: pdfTeX in PDF mode is detected.
)
Package pdftexcmds Info: LuaTeX not detected.
Package pdftexcmds Info: \pdf@primitive is available.
Package pdftexcmds Info: \pdf@ifprimitive is available.
Package pdftexcmds Info: \pdfdraftmode found.
)
(/usr/local/texlive/2013/texmf-dist/tex/latex/oberdiek/epstopdf-base.sty
Package: epstopdf-base 2010/02/09 v2.5 Base part for package epstopdf

(/usr/local/texlive/2013/texmf-dist/tex/latex/oberdiek/grfext.sty
Package: grfext 2010/08/19 v1.1 Manage graphics extensions (HO)

(/usr/local/texlive/2013/texmf-dist/tex/generic/oberdiek/kvdefinekeys.sty
Package: kvdefinekeys 2011/04/07 v1.3 Define keys (HO)
))
(/usr/local/texlive/2013/texmf-dist/tex/latex/oberdiek/kvoptions.sty
Package: kvoptions 2011/06/30 v3.11 Key value format for package options (HO)

(/usr/local/texlive/2013/texmf-dist/tex/generic/oberdiek/kvsetkeys.sty
Package: kvsetkeys 2012/04/25 v1.16 Key value parser (HO)

(/usr/local/texlive/2013/texmf-dist/tex/generic/oberdiek/etexcmds.sty
Package: etexcmds 2011/02/16 v1.5 Avoid name clashes with e-TeX commands (HO)
Package etexcmds Info: Could not find \expanded.
(etexcmds)             That can mean that you are not using pdfTeX 1.50 or
(etexcmds)             that some package has redefined \expanded.
(etexcmds)             In the latter case, load this package earlier.
)))
Package grfext Info: Graphics extension search list:
(grfext)             [.png,.pdf,.jpg,.mps,.jpeg,.jbig2,.jb2,.PNG,.PDF,.JPG,.JPE
G,.JBIG2,.JB2,.eps]
(grfext)             \AppendGraphicsExtensions on input line 452.

(/usr/local/texlive/2013/texmf-dist/tex/latex/latexconfig/epstopdf-sys.cfg
File: epstopdf-sys.cfg 2010/07/13 v1.3 Configuration of (r)epstopdf for TeX Liv
e
))
LaTeX Font Info:    External font `cmex10' loaded for size
(Font)              <7> on input line 17.
LaTeX Font Info:    External font `cmex10' loaded for size
(Font)              <5> on input line 17.

(./tex/introduction.tex

LaTeX Warning: Citation ` SMR:SMR582' on page 1 undefined on input line 7.


LaTeX Warning: Citation ` FuentesFernandez2012247' on page 1 undefined on input
 line 7.


LaTeX Warning: Citation ` PrezCastillo2011519' on page 1 undefined on input lin
e 7.

[1

{/usr/local/texlive/2013/texmf-var/fonts/map/pdftex/updmap/pdftex.map}])
(./tex/method_applied.tex) (./tex/planning.tex [2]
<figuras/SearchStringADM.pdf, id=16, 706.64pt x 137.51375pt>
File: figuras/SearchStringADM.pdf Graphic file (type pdf)

<use figuras/SearchStringADM.pdf>
Package pdftex.def Info: figuras/SearchStringADM.pdf used on input line 53.
(pdftex.def)             Requested size: 247.3277pt x 48.13052pt.
) (./tex/conducting.tex [3 <./figuras/SearchStringADM.pdf>]
LaTeX Font Info:    External font `cmex10' loaded for size
(Font)              <9> on input line 65.
LaTeX Font Info:    External font `cmex10' loaded for size
(Font)              <6> on input line 65.
 [4]) (./tex/reporting.tex
<figuras/MapaNOVO4.pdf, id=48, 795.97375pt x 624.3325pt>
File: figuras/MapaNOVO4.pdf Graphic file (type pdf)

<use figuras/MapaNOVO4.pdf>
Package pdftex.def Info: figuras/MapaNOVO4.pdf used on input line 7.
(pdftex.def)             Requested size: 480.84296pt x 196.32281pt.

Overfull \hbox (133.71942pt too wide) in paragraph at lines 7--8
 [][] 
 []

[5]
Underfull \vbox (badness 10000) has occurred while \output is active []

 [6 <./figuras/MapaNOVO4.pdf>]
! Undefined control sequence.
<inserted text> ...\begin {tabular}{cc} \subfloat 
                                                  [\label {fig:pie}]{\includ...
l.66 \end{tabularx}
                   
The control sequence at the end of the top line
of your error message was never \def'ed. If you have
misspelled it (e.g., `\hobx'), type `I' and the correct
spelling (e.g., `I\hbox'). Otherwise just continue,
and I'll forget about whatever was undefined.

<figuras/pieChartModel.pdf, id=280, 273.02pt x 216.81pt>
<use figuras/pieChartModel.pdf>
! Undefined control sequence.
<inserted text> ...as/pieChartModel}} & \subfloat 
                                                  [\label {fig:piePackage}]{...
l.66 \end{tabularx}
                   
The control sequence at the end of the top line
of your error message was never \def'ed. If you have
misspelled it (e.g., `\hobx'), type `I' and the correct
spelling (e.g., `I\hbox'). Otherwise just continue,
and I'll forget about whatever was undefined.

<figuras/PackagesKDMFormatted.pdf, id=281, 376.40625pt x 246.9225pt>
<use figuras/PackagesKDMFormatted.pdf>
! Undefined control sequence.
<inserted text> ...\begin {tabular}{cc} \subfloat 
                                                  [\label {fig:pie}]{\includ...
l.66 \end{tabularx}
                   
The control sequence at the end of the top line
of your error message was never \def'ed. If you have
misspelled it (e.g., `\hobx'), type `I' and the correct
spelling (e.g., `I\hbox'). Otherwise just continue,
and I'll forget about whatever was undefined.

File: figuras/pieChartModel.pdf Graphic file (type pdf)
<use figuras/pieChartModel.pdf>
Package pdftex.def Info: figuras/pieChartModel.pdf used on input line 66.
(pdftex.def)             Requested size: 110.96556pt x 88.11853pt.

! Undefined control sequence.
<inserted text> ...as/pieChartModel}} & \subfloat 
                                                  [\label {fig:piePackage}]{...
l.66 \end{tabularx}
                   
The control sequence at the end of the top line
of your error message was never \def'ed. If you have
misspelled it (e.g., `\hobx'), type `I' and the correct
spelling (e.g., `I\hbox'). Otherwise just continue,
and I'll forget about whatever was undefined.

File: figuras/PackagesKDMFormatted.pdf Graphic file (type pdf)
<use figuras/PackagesKDMFormatted.pdf>
Package pdftex.def Info: figuras/PackagesKDMFormatted.pdf used on input line 66
.
(pdftex.def)             Requested size: 128.0374pt x 83.99397pt.

Underfull \hbox (badness 10000) in alignment at lines 66--66
[][][]
 []

! Undefined control sequence.
<inserted text> ...\begin {tabular}{cc} \subfloat 
                                                  [\label {fig:bar}]{\includ...
l.83 \end{tabularx}
                   
The control sequence at the end of the top line
of your error message was never \def'ed. If you have
misspelled it (e.g., `\hobx'), type `I' and the correct
spelling (e.g., `I\hbox'). Otherwise just continue,
and I'll forget about whatever was undefined.

<figuras/TESTEVAI.pdf, id=282, 451.6875pt x 563.10374pt>
<use figuras/TESTEVAI.pdf>
! Undefined control sequence.
<inserted text> ...figuras/TESTEVAI}} & \subfloat 
                                                  [\label {fig:distribuicao_...
l.83 \end{tabularx}
                   
The control sequence at the end of the top line
of your error message was never \def'ed. If you have
misspelled it (e.g., `\hobx'), type `I' and the correct
spelling (e.g., `I\hbox'). Otherwise just continue,
and I'll forget about whatever was undefined.

<figuras/DistribuicaoANoArtigos.pdf, id=283, 439.6425pt x 512.91624pt>
<use figuras/DistribuicaoANoArtigos.pdf>
! Undefined control sequence.
<inserted text> ...\begin {tabular}{cc} \subfloat 
                                                  [\label {fig:bar}]{\includ...
l.83 \end{tabularx}
                   
The control sequence at the end of the top line
of your error message was never \def'ed. If you have
misspelled it (e.g., `\hobx'), type `I' and the correct
spelling (e.g., `I\hbox'). Otherwise just continue,
and I'll forget about whatever was undefined.

File: figuras/TESTEVAI.pdf Graphic file (type pdf)
<use figuras/TESTEVAI.pdf>
Package pdftex.def Info: figuras/TESTEVAI.pdf used on input line 83.
(pdftex.def)             Requested size: 110.96556pt x 138.33539pt.

! Undefined control sequence.
<inserted text> ...figuras/TESTEVAI}} & \subfloat 
                                                  [\label {fig:distribuicao_...
l.83 \end{tabularx}
                   
The control sequence at the end of the top line
of your error message was never \def'ed. If you have
misspelled it (e.g., `\hobx'), type `I' and the correct
spelling (e.g., `I\hbox'). Otherwise just continue,
and I'll forget about whatever was undefined.

File: figuras/DistribuicaoANoArtigos.pdf Graphic file (type pdf)
<use figuras/DistribuicaoANoArtigos.pdf>
Package pdftex.def Info: figuras/DistribuicaoANoArtigos.pdf used on input line 
83.
(pdftex.def)             Requested size: 119.50148pt x 139.41275pt.

Underfull \hbox (badness 10000) in alignment at lines 83--83
[][][]
 []

[7 <./figuras/pieChartModel.pdf> <./figuras/PackagesKDMFormatted.pdf>]

LaTeX Warning: Citation ` 6498507' on page 8 undefined on input line 121.


LaTeX Warning: Citation `Perez-Castillo:2010:IBP:1875847.1875861' on page 8 und
efined on input line 121.

[8 <./figuras/TESTEVAI.pdf> <./figuras/DistribuicaoANoArtigos.pdf>] [9]
Overfull \hbox (9.94121pt too wide) in paragraph at lines 162--163
 \OT1/cmr/bx/n/10 Ap-proach to mod-ern-ize legacy sys-tems to an-other plat-for
m/architecture[]
 []


LaTeX Warning: Citation ` SMR:SMR582' on page 10 undefined on input line 164.

[10]

LaTeX Warning: Citation ` delCastillo:2009:PRP:1529282.1529753' on page 11 unde
fined on input line 166.


LaTeX Warning: Citation ` ICEISPerez:CastilloGCP12' on page 11 undefined on inp
ut line 166.


LaTeX Warning: Citation ` 6498507' on page 11 undefined on input line 175.


LaTeX Warning: Citation `Perez-Castillo:2010:IBP:1875847.1875861' on page 11 un
defined on input line 175.

[11]

LaTeX Warning: Citation ` Perez-Castillo:2012:IEL:2231936.2231949' on page 12 u
ndefined on input line 194.


LaTeX Warning: Citation ` 6498507' on page 12 undefined on input line 194.

) (./tex/discussion.tex) (./tex/principles_findinds.tex [12]

LaTeX Warning: Citation ` SMR:SMR582' on page 13 undefined on input line 5.


LaTeX Warning: Citation ` ICEISPerez:CastilloGCP12' on page 13 undefined on inp
ut line 5.

)
Underfull \vbox (badness 10000) has occurred while \output is active []

 [13]
(./tex/threats_to_validity.tex) (./tex/conclusion.tex

LaTeX Warning: Citation ` Guzman:2007:AAR:1339262.1339532' on page 14 undefined
 on input line 3.


LaTeX Warning: Citation ` 4400179' on page 14 undefined on input line 3.


LaTeX Warning: Citation ` 5328801' on page 14 undefined on input line 3.

[14]) (./eselaw2014.bbl [15] [16]) [17] (./eselaw2014.aux)

LaTeX Warning: There were multiply-defined labels.

 ) 
Here is how much of TeX's memory you used:
 2744 strings out of 493315
 37448 string characters out of 6137904
 113035 words of memory out of 5000000
 6127 multiletter control sequences out of 15000+600000
 7945 words of font info for 28 fonts, out of 8000000 for 9000
 957 hyphenation exceptions out of 8191
 41i,21n,35p,2345b,414s stack positions out of 5000i,500n,10000p,200000b,80000s
</usr/local/texlive/2013/texmf-dist/fonts/type1/public/amsfonts/cm/cmbx10.pfb
></usr/local/texlive/2013/texmf-dist/fonts/type1/public/amsfonts/cm/cmbx12.pfb>
</usr/local/texlive/2013/texmf-dist/fonts/type1/public/amsfonts/cm/cmbx7.pfb></
usr/local/texlive/2013/texmf-dist/fonts/type1/public/amsfonts/cm/cmbx9.pfb></us
r/local/texlive/2013/texmf-dist/fonts/type1/public/amsfonts/cm/cmr10.pfb></usr/
local/texlive/2013/texmf-dist/fonts/type1/public/amsfonts/cm/cmr6.pfb></usr/loc
al/texlive/2013/texmf-dist/fonts/type1/public/amsfonts/cm/cmr7.pfb></usr/local/
texlive/2013/texmf-dist/fonts/type1/public/amsfonts/cm/cmr9.pfb></usr/local/tex
live/2013/texmf-dist/fonts/type1/public/amsfonts/cm/cmti10.pfb>
Output written on eselaw2014.pdf (17 pages, 447828 bytes).
PDF statistics:
 435 PDF objects out of 1000 (max. 8388607)
 261 compressed objects within 3 object streams
 0 named destinations out of 1000 (max. 500000)
 31 words of extra memory for PDF output out of 10000 (max. 10000000)

